TN:
SF:app.js
FN:30,(anonymous_0)
FN:35,(anonymous_1)
FNF:2
FNH:2
FNDA:2,(anonymous_0)
FNDA:38,(anonymous_1)
DA:5,4
DA:6,4
DA:8,4
DA:10,4
DA:11,4
DA:12,4
DA:13,4
DA:15,4
DA:17,4
DA:19,4
DA:20,4
DA:21,4
DA:22,4
DA:24,4
DA:25,4
DA:26,4
DA:30,4
DA:31,2
DA:35,4
DA:36,38
DA:37,38
DA:38,38
DA:40,38
DA:45,4
LF:24
LH:24
BRDA:36,0,0,1
BRDA:36,0,1,37
BRDA:37,1,0,38
BRDA:37,1,1,2
BRF:4
BRH:4
end_of_record
TN:
SF:config.js
FN:13,getDatabaseUri
FNF:1
FNH:1
FNDA:18,getDatabaseUri
DA:5,9
DA:6,9
DA:8,9
DA:10,9
DA:14,18
DA:22,9
DA:24,9
DA:25,9
DA:26,9
DA:27,9
DA:28,9
DA:29,9
DA:31,9
LF:13
LH:13
BRDA:8,0,0,9
BRDA:8,0,1,8
BRDA:10,1,0,9
BRDA:10,1,1,8
BRDA:14,2,0,15
BRDA:14,2,1,3
BRDA:16,3,0,3
BRDA:16,3,1,1
BRDA:22,4,0,8
BRDA:22,4,1,1
BRF:10
BRH:10
end_of_record
TN:
SF:db.js
FNF:0
FNH:0
DA:5,6
DA:6,6
DA:8,6
DA:12,6
DA:14,6
LF:5
LH:5
BRF:0
BRH:0
end_of_record
TN:
SF:expressError.js
FN:8,(anonymous_0)
FN:18,(anonymous_1)
FN:26,(anonymous_2)
FN:34,(anonymous_3)
FN:42,(anonymous_4)
FNF:5
FNH:4
FNDA:57,(anonymous_0)
FNDA:14,(anonymous_1)
FNDA:25,(anonymous_2)
FNDA:18,(anonymous_3)
FNDA:0,(anonymous_4)
DA:9,57
DA:10,57
DA:11,57
DA:19,14
DA:27,25
DA:35,18
DA:43,0
DA:47,8
LF:8
LH:7
BRDA:18,0,0,2
BRDA:26,1,0,21
BRDA:34,2,0,0
BRDA:42,3,0,0
BRF:4
BRH:2
end_of_record
TN:
SF:helpers/sql.js
FN:22,sqlForPartialUpdate
FN:29,(anonymous_1)
FN:49,sqlForFiltering
FN:56,(anonymous_3)
FNF:4
FNH:4
FNDA:17,sqlForPartialUpdate
FNDA:27,(anonymous_1)
FNDA:5,sqlForFiltering
FNDA:8,(anonymous_3)
DA:1,7
DA:24,17
DA:25,17
DA:28,14
DA:29,27
DA:32,14
DA:50,5
DA:51,5
DA:53,5
DA:54,4
DA:56,4
DA:57,8
DA:58,3
DA:59,3
DA:61,5
DA:64,4
DA:70,7
LF:17
LH:17
BRDA:25,0,0,3
BRDA:25,0,1,14
BRDA:29,1,0,27
BRDA:29,1,1,12
BRDA:53,2,0,1
BRDA:53,2,1,4
BRDA:57,3,0,3
BRDA:57,3,1,5
BRF:8
BRH:8
end_of_record
TN:
SF:helpers/tokens.js
FN:6,createToken
FNF:1
FNH:1
FNDA:13,createToken
DA:1,5
DA:2,5
DA:7,13
DA:12,13
DA:17,13
DA:20,5
LF:6
LH:6
BRDA:14,0,0,13
BRDA:14,0,1,8
BRF:2
BRH:2
end_of_record
TN:
SF:middleware/auth.js
FN:17,authenticateJWT
FN:35,ensureLoggedIn
FN:49,ensureAdmin
FN:65,ensureAuthUser
FN:82,ensureAdminOrAuthUser
FNF:5
FNH:5
FNDA:61,authenticateJWT
FNDA:2,ensureLoggedIn
FNDA:26,ensureAdmin
FNDA:3,ensureAuthUser
FNDA:22,ensureAdminOrAuthUser
DA:5,5
DA:6,5
DA:7,5
DA:18,61
DA:19,61
DA:20,61
DA:21,37
DA:22,37
DA:24,60
DA:26,1
DA:36,2
DA:37,2
DA:38,1
DA:40,1
DA:50,26
DA:51,26
DA:52,10
DA:53,16
DA:55,10
DA:66,3
DA:67,3
DA:68,2
DA:70,1
DA:72,2
DA:83,22
DA:84,22
DA:89,8
DA:91,14
DA:93,8
DA:97,5
LF:30
LH:30
BRDA:19,0,0,61
BRDA:19,0,1,60
BRDA:20,1,0,37
BRDA:20,1,1,24
BRDA:37,2,0,1
BRDA:37,2,1,1
BRDA:51,3,0,10
BRDA:51,3,1,16
BRDA:51,4,0,26
BRDA:51,4,1,21
BRDA:67,5,0,2
BRDA:67,5,1,1
BRDA:67,6,0,3
BRDA:67,6,1,2
BRDA:84,7,0,8
BRDA:84,7,1,14
BRDA:85,8,0,22
BRDA:85,8,1,18
BRDA:85,8,2,10
BRF:19
BRH:19
end_of_record
TN:
SF:models/_testCommon.js
FN:6,commonBeforeAll
FN:33,commonBeforeEach
FN:37,commonAfterEach
FN:41,commonAfterAll
FNF:4
FNH:4
FNDA:2,commonBeforeAll
FNDA:30,commonBeforeEach
FNDA:30,commonAfterEach
FNDA:2,commonAfterAll
DA:1,2
DA:3,2
DA:4,2
DA:8,2
DA:10,2
DA:12,2
DA:18,2
DA:34,30
DA:38,30
DA:42,2
DA:46,2
LF:11
LH:11
BRF:0
BRH:0
end_of_record
TN:
SF:models/company.js
FN:19,(anonymous_0)
FN:57,(anonymous_1)
FN:74,(anonymous_2)
FN:108,(anonymous_3)
FN:138,(anonymous_4)
FN:165,(anonymous_5)
FNF:6
FNH:6
FNDA:13,(anonymous_0)
FNDA:3,(anonymous_1)
FNDA:5,(anonymous_2)
FNDA:5,(anonymous_3)
FNDA:6,(anonymous_4)
FNDA:4,(anonymous_5)
DA:3,5
DA:4,5
DA:5,5
DA:20,13
DA:26,13
DA:27,1
DA:29,12
DA:47,12
DA:49,12
DA:58,3
DA:66,2
DA:75,5
DA:82,4
DA:92,4
DA:93,4
DA:95,4
DA:97,4
DA:109,5
DA:119,5
DA:121,5
DA:123,3
DA:139,6
DA:145,5
DA:147,5
DA:152,5
DA:153,5
DA:155,5
DA:157,3
DA:166,4
DA:172,4
DA:174,4
DA:179,5
LF:32
LH:32
BRDA:26,0,0,1
BRDA:26,0,1,12
BRDA:95,1,0,0
BRDA:95,1,1,4
BRDA:121,2,0,2
BRDA:121,2,1,3
BRDA:155,3,0,2
BRDA:155,3,1,3
BRDA:174,4,0,2
BRDA:174,4,1,2
BRF:10
BRH:9
end_of_record
TN:
SF:models/user.js
FN:24,(anonymous_0)
FN:59,(anonymous_1)
FN:104,(anonymous_2)
FN:126,(anonymous_3)
FN:162,(anonymous_4)
FN:195,(anonymous_5)
FNF:6
FNH:6
FNDA:7,(anonymous_0)
FNDA:16,(anonymous_1)
FNDA:3,(anonymous_2)
FNDA:5,(anonymous_3)
FNDA:9,(anonymous_4)
FNDA:5,(anonymous_5)
DA:3,5
DA:4,5
DA:5,5
DA:10,5
DA:12,5
DA:26,7
DA:38,7
DA:40,7
DA:42,4
DA:43,4
DA:44,3
DA:45,3
DA:49,4
DA:61,16
DA:68,16
DA:69,1
DA:72,15
DA:74,15
DA:94,15
DA:96,15
DA:105,3
DA:115,2
DA:127,5
DA:138,5
DA:140,5
DA:142,3
DA:163,9
DA:164,3
DA:167,9
DA:174,8
DA:176,8
DA:184,8
DA:185,8
DA:187,8
DA:189,6
DA:190,6
DA:196,5
DA:203,5
DA:205,5
DA:210,5
LF:40
LH:40
BRDA:40,0,0,4
BRDA:40,0,1,3
BRDA:43,1,0,3
BRDA:43,1,1,1
BRDA:68,2,0,1
BRDA:68,2,1,15
BRDA:140,3,0,2
BRDA:140,3,1,3
BRDA:163,4,0,3
BRDA:163,4,1,6
BRDA:187,5,0,2
BRDA:187,5,1,6
BRDA:205,6,0,2
BRDA:205,6,1,3
BRF:14
BRH:14
end_of_record
TN:
SF:routes/_testCommon.js
FN:8,commonBeforeAll
FN:62,commonBeforeEach
FN:66,commonAfterEach
FN:70,commonAfterAll
FNF:4
FNH:4
FNDA:3,commonBeforeAll
FNDA:56,commonBeforeEach
FNDA:56,commonAfterEach
FNDA:3,commonAfterAll
DA:3,3
DA:4,3
DA:5,3
DA:6,3
DA:10,3
DA:12,3
DA:14,3
DA:21,3
DA:28,3
DA:36,3
DA:44,3
DA:52,3
DA:63,56
DA:67,56
DA:71,3
DA:74,3
DA:75,3
DA:77,3
LF:18
LH:18
BRF:0
BRH:0
end_of_record
TN:
SF:routes/auth.js
FN:22,(anonymous_0)
FN:25,(anonymous_1)
FN:45,(anonymous_2)
FN:48,(anonymous_3)
FNF:4
FNH:4
FNDA:5,(anonymous_0)
FNDA:2,(anonymous_1)
FNDA:3,(anonymous_2)
FNDA:5,(anonymous_3)
DA:5,4
DA:7,4
DA:8,4
DA:9,4
DA:10,4
DA:11,4
DA:12,4
DA:13,4
DA:22,4
DA:23,5
DA:24,5
DA:25,2
DA:26,2
DA:29,3
DA:30,3
DA:31,1
DA:32,1
DA:45,4
DA:46,3
DA:47,3
DA:48,5
DA:49,2
DA:52,1
DA:53,1
DA:54,1
DA:58,4
LF:26
LH:26
BRDA:24,0,0,2
BRDA:24,0,1,3
BRDA:47,1,0,2
BRDA:47,1,1,1
BRF:4
BRH:4
end_of_record
TN:
SF:routes/companies.js
FN:27,(anonymous_0)
FN:30,(anonymous_1)
FN:49,(anonymous_2)
FN:60,(anonymous_3)
FN:79,(anonymous_4)
FN:95,(anonymous_5)
FN:98,(anonymous_6)
FN:111,(anonymous_7)
FNF:8
FNH:8
FNDA:3,(anonymous_0)
FNDA:3,(anonymous_1)
FNDA:4,(anonymous_2)
FNDA:1,(anonymous_3)
FNDA:3,(anonymous_4)
FNDA:4,(anonymous_5)
FNDA:2,(anonymous_6)
FNDA:2,(anonymous_7)
DA:5,4
DA:6,4
DA:8,4
DA:9,4
DA:10,4
DA:12,4
DA:13,4
DA:14,4
DA:16,4
DA:27,4
DA:28,3
DA:29,3
DA:30,3
DA:31,2
DA:34,1
DA:35,1
DA:49,4
DA:50,4
DA:51,4
DA:52,2
DA:53,1
DA:55,2
DA:56,1
DA:58,2
DA:59,2
DA:60,1
DA:61,1
DA:63,1
DA:64,1
DA:67,2
DA:68,1
DA:79,4
DA:80,3
DA:81,2
DA:95,4
DA:96,4
DA:97,4
DA:98,2
DA:99,2
DA:102,2
DA:103,1
DA:111,4
DA:112,2
DA:113,1
DA:116,4
LF:45
LH:45
BRDA:29,0,0,2
BRDA:29,0,1,1
BRDA:51,1,0,2
BRDA:51,1,1,2
BRDA:52,2,0,1
BRDA:52,2,1,1
BRDA:55,3,0,1
BRDA:55,3,1,1
BRDA:59,4,0,1
BRDA:59,4,1,1
BRDA:97,5,0,2
BRDA:97,5,1,2
BRF:12
BRH:12
end_of_record
TN:
SF:routes/users.js
FN:34,(anonymous_0)
FN:37,(anonymous_1)
FN:53,(anonymous_2)
FN:68,(anonymous_3)
FN:88,(anonymous_4)
FN:91,(anonymous_5)
FN:108,(anonymous_6)
FNF:7
FNH:7
FNDA:4,(anonymous_0)
FNDA:5,(anonymous_1)
FNDA:2,(anonymous_2)
FNDA:3,(anonymous_3)
FNDA:6,(anonymous_4)
FNDA:1,(anonymous_5)
FNDA:3,(anonymous_6)
DA:5,4
DA:7,4
DA:13,4
DA:14,4
DA:15,4
DA:16,4
DA:17,4
DA:18,4
DA:20,4
DA:34,4
DA:35,4
DA:36,4
DA:37,5
DA:38,2
DA:41,2
DA:42,2
DA:43,2
DA:53,4
DA:54,2
DA:55,1
DA:65,4
DA:69,3
DA:71,2
DA:85,4
DA:89,6
DA:90,6
DA:91,1
DA:92,1
DA:95,5
DA:96,4
DA:105,4
DA:109,3
DA:110,2
DA:114,4
LF:34
LH:34
BRDA:36,0,0,2
BRDA:36,0,1,2
BRDA:90,1,0,1
BRDA:90,1,1,5
BRF:4
BRH:4
end_of_record
