TN:
SF:app.js
FN:30,(anonymous_0)
FN:35,(anonymous_1)
FNF:2
FNH:2
FNDA:2,(anonymous_0)
FNDA:13,(anonymous_1)
DA:5,4
DA:6,4
DA:8,4
DA:10,4
DA:11,4
DA:12,4
DA:13,4
DA:15,4
DA:17,4
DA:19,4
DA:20,4
DA:21,4
DA:22,4
DA:24,4
DA:25,4
DA:26,4
DA:30,4
DA:31,2
DA:35,4
DA:36,13
DA:37,13
DA:38,13
DA:40,13
DA:45,4
LF:24
LH:24
BRDA:36,0,0,1
BRDA:36,0,1,12
BRDA:37,1,0,13
BRDA:37,1,1,1
BRF:4
BRH:4
end_of_record
TN:
SF:db.js
FNF:0
FNH:0
DA:5,6
DA:6,6
DA:8,6
DA:12,6
DA:14,6
LF:5
LH:5
BRF:0
BRH:0
end_of_record
TN:
SF:helpers/sql.js
FN:22,sqlForPartialUpdate
FN:29,(anonymous_1)
FN:49,sqlForFiltering
FN:56,(anonymous_3)
FNF:4
FNH:4
FNDA:12,sqlForPartialUpdate
FNDA:22,(anonymous_1)
FNDA:5,sqlForFiltering
FNDA:8,(anonymous_3)
DA:1,7
DA:24,12
DA:25,12
DA:28,9
DA:29,22
DA:32,9
DA:50,5
DA:51,5
DA:53,5
DA:54,4
DA:56,4
DA:57,8
DA:58,3
DA:59,3
DA:61,5
DA:64,4
DA:70,7
LF:17
LH:17
BRDA:25,0,0,3
BRDA:25,0,1,9
BRDA:29,1,0,22
BRDA:29,1,1,10
BRDA:53,2,0,1
BRDA:53,2,1,4
BRDA:57,3,0,3
BRDA:57,3,1,5
BRF:8
BRH:8
end_of_record
TN:
SF:helpers/tokens.js
FN:6,createToken
FNF:1
FNH:1
FNDA:6,createToken
DA:1,5
DA:2,5
DA:7,6
DA:12,6
DA:17,6
DA:20,5
LF:6
LH:6
BRDA:14,0,0,6
BRDA:14,0,1,5
BRF:2
BRH:2
end_of_record
TN:
SF:middleware/auth.js
FN:18,authenticateJWT
FN:36,ensureLoggedIn
FNF:2
FNH:2
FNDA:23,authenticateJWT
FNDA:13,ensureLoggedIn
DA:5,5
DA:6,5
DA:7,5
DA:19,23
DA:20,23
DA:21,23
DA:22,12
DA:23,12
DA:25,22
DA:27,1
DA:37,13
DA:38,13
DA:39,10
DA:41,3
DA:46,5
LF:15
LH:15
BRDA:20,0,0,23
BRDA:20,0,1,22
BRDA:21,1,0,12
BRDA:21,1,1,11
BRDA:38,2,0,3
BRDA:38,2,1,10
BRF:6
BRH:6
end_of_record
TN:
SF:models/user.js
FN:24,(anonymous_0)
FN:59,(anonymous_1)
FN:104,(anonymous_2)
FN:126,(anonymous_3)
FN:162,(anonymous_4)
FN:195,(anonymous_5)
FNF:6
FNH:6
FNDA:3,(anonymous_0)
FNDA:9,(anonymous_1)
FNDA:1,(anonymous_2)
FNDA:2,(anonymous_3)
FNDA:4,(anonymous_4)
FNDA:2,(anonymous_5)
DA:3,5
DA:4,5
DA:5,5
DA:10,5
DA:12,5
DA:26,3
DA:38,3
DA:40,3
DA:42,1
DA:43,1
DA:44,1
DA:45,1
DA:49,2
DA:61,9
DA:68,9
DA:69,2
DA:72,7
DA:74,7
DA:94,7
DA:96,7
DA:105,1
DA:115,1
DA:127,2
DA:138,2
DA:140,2
DA:142,1
DA:163,4
DA:164,1
DA:167,4
DA:174,3
DA:176,3
DA:184,3
DA:185,3
DA:187,3
DA:189,2
DA:190,2
DA:196,2
DA:203,2
DA:205,2
DA:210,5
LF:40
LH:40
BRDA:40,0,0,1
BRDA:40,0,1,2
BRDA:43,1,0,1
BRDA:43,1,1,0
BRDA:68,2,0,2
BRDA:68,2,1,7
BRDA:140,3,0,1
BRDA:140,3,1,1
BRDA:163,4,0,1
BRDA:163,4,1,3
BRDA:187,5,0,1
BRDA:187,5,1,2
BRDA:205,6,0,1
BRDA:205,6,1,1
BRF:14
BRH:13
end_of_record
TN:
SF:routes/_testCommon.js
FN:8,commonBeforeAll
FN:62,commonBeforeEach
FN:66,commonAfterEach
FN:70,commonAfterAll
FNF:4
FNH:4
FNDA:3,commonBeforeAll
FNDA:18,commonBeforeEach
FNDA:45,commonAfterEach
FNDA:3,commonAfterAll
DA:3,3
DA:4,3
DA:5,3
DA:6,3
DA:10,3
DA:12,3
DA:14,3
DA:21,2
DA:28,2
DA:36,2
DA:44,2
DA:52,1
DA:63,18
DA:67,45
DA:71,3
DA:74,3
DA:76,3
LF:17
LH:17
BRF:0
BRH:0
end_of_record
TN:
SF:routes/companies.js
FN:27,(anonymous_0)
FN:30,(anonymous_1)
FN:49,(anonymous_2)
FN:60,(anonymous_3)
FN:79,(anonymous_4)
FN:95,(anonymous_5)
FN:98,(anonymous_6)
FN:111,(anonymous_7)
FNF:8
FNH:8
FNDA:3,(anonymous_0)
FNDA:3,(anonymous_1)
FNDA:4,(anonymous_2)
FNDA:1,(anonymous_3)
FNDA:3,(anonymous_4)
FNDA:4,(anonymous_5)
FNDA:2,(anonymous_6)
FNDA:2,(anonymous_7)
DA:5,4
DA:6,4
DA:8,4
DA:9,4
DA:10,4
DA:12,4
DA:13,4
DA:14,4
DA:16,4
DA:27,4
DA:28,3
DA:29,3
DA:30,3
DA:31,2
DA:34,1
DA:35,1
DA:49,4
DA:50,4
DA:51,4
DA:52,2
DA:53,1
DA:55,2
DA:56,1
DA:58,2
DA:59,2
DA:60,1
DA:61,1
DA:63,1
DA:64,1
DA:67,2
DA:68,1
DA:79,4
DA:80,3
DA:81,2
DA:95,4
DA:96,4
DA:97,4
DA:98,2
DA:99,2
DA:102,2
DA:103,1
DA:111,4
DA:112,2
DA:113,1
DA:116,4
LF:45
LH:45
BRDA:29,0,0,2
BRDA:29,0,1,1
BRDA:51,1,0,2
BRDA:51,1,1,2
BRDA:52,2,0,1
BRDA:52,2,1,1
BRDA:55,3,0,1
BRDA:55,3,1,1
BRDA:59,4,0,1
BRDA:59,4,1,1
BRDA:97,5,0,2
BRDA:97,5,1,2
BRF:12
BRH:12
end_of_record
